<?xml version="1.0" encoding="UTF-8"?>
<beans xmlns="http://www.springframework.org/schema/beans"
	xmlns:xsi="http://www.w3.org/2001/XMLSchema-instance" 
	xmlns:context="http://www.springframework.org/schema/context"
	xmlns:tx="http://www.springframework.org/schema/tx"
	xsi:schemaLocation="  
	http://www.springframework.org/schema/beans 
	http://www.springframework.org/schema/beans/spring-beans.xsd  
	http://www.springframework.org/schema/context 
	http://www.springframework.org/schema/context/spring-context.xsd  
	http://www.springframework.org/schema/tx 
	http://www.springframework.org/schema/tx/spring-tx.xsd
	http://www.springframework.org/schema/data/jpa 
	http://www.springframework.org/schema/data/jpa/spring-jpa-1.2.xsd"
	default-autowire="byName">
	
	<context:annotation-config />
	
	<import resource="classpath:spring-db-context.xml" />
	<import resource="classpath:spring-solr-context.xml" />

</beans>
