<?xml version="1.0" encoding="UTF-8"?>
<beans xmlns="http://www.springframework.org/schema/beans"
       xmlns:xsi="http://www.w3.org/2001/XMLSchema-instance"
       xmlns:neo4j="http://www.springframework.org/schema/data/neo4j"
       xmlns:context="http://www.springframework.org/schema/context"
       xsi:schemaLocation="http://www.springframework.org/schema/beans 
           http://www.springframework.org/schema/beans/spring-beans-3.0.xsd
           http://www.springframework.org/schema/context
           http://www.springframework.org/schema/context/spring-context-3.0.xsd
           http://www.springframework.org/schema/data/neo4j
           http://www.springframework.org/schema/data/neo4j/spring-neo4j-2.0.xsd">
               
    <context:annotation-config />
    <context:spring-configured />
	<context:component-scan base-package="ca.digitaltango" />
	
	<neo4j:repositories base-package="ca.digitaltango.prodobs.graph.repository" />

	<!-- Neo4J -->
	<neo4j:config storeDirectory="target/config-test" base-package="ca.digitaltango"  />

</beans>
